{"D:\\Hacktiv8\\Fase-2\\e-commerce\\e-commerce-server\\index.js": {"path":"D:\\Hacktiv8\\Fase-2\\e-commerce\\e-commerce-server\\index.js","statementMap":{"0":{"start":{"line":1,"column":0},"end":{"line":1,"column":68}},"1":{"start":{"line":1,"column":41},"end":{"line":1,"column":68}},"2":{"start":{"line":3,"column":16},"end":{"line":3,"column":34}},"3":{"start":{"line":4,"column":19},"end":{"line":4,"column":57}},"4":{"start":{"line":5,"column":13},"end":{"line":5,"column":28}},"5":{"start":{"line":6,"column":12},"end":{"line":6,"column":21}},"6":{"start":{"line":7,"column":15},"end":{"line":7,"column":34}},"7":{"start":{"line":9,"column":0},"end":{"line":9,"column":16}},"8":{"start":{"line":10,"column":0},"end":{"line":10,"column":45}},"9":{"start":{"line":11,"column":0},"end":{"line":11,"column":24}},"10":{"start":{"line":13,"column":0},"end":{"line":13,"column":20}},"11":{"start":{"line":14,"column":0},"end":{"line":14,"column":20}},"12":{"start":{"line":16,"column":0},"end":{"line":16,"column":20}}},"fnMap":{},"branchMap":{"0":{"loc":{"start":{"line":1,"column":0},"end":{"line":1,"column":68}},"type":"if","locations":[{"start":{"line":1,"column":0},"end":{"line":1,"column":68}},{"start":{"line":1,"column":0},"end":{"line":1,"column":68}}],"line":1}},"s":{"0":3,"1":3,"2":3,"3":3,"4":3,"5":3,"6":3,"7":3,"8":3,"9":3,"10":3,"11":3,"12":3},"f":{},"b":{"0":[3,0]},"_coverageSchema":"1a1c01bbd47fc00a2c39e90264f33305004495a9","hash":"e0aaf6b2be1e7ff76c9b8deb2153e52d5138c1d3"}
,"D:\\Hacktiv8\\Fase-2\\e-commerce\\e-commerce-server\\controllers\\CategoryController.js": {"path":"D:\\Hacktiv8\\Fase-2\\e-commerce\\e-commerce-server\\controllers\\CategoryController.js","statementMap":{"0":{"start":{"line":3,"column":19},"end":{"line":3,"column":48}},"1":{"start":{"line":7,"column":8},"end":{"line":15,"column":10}},"2":{"start":{"line":11,"column":12},"end":{"line":11,"column":40}},"3":{"start":{"line":14,"column":12},"end":{"line":14,"column":21}},"4":{"start":{"line":19,"column":8},"end":{"line":19,"column":30}},"5":{"start":{"line":20,"column":8},"end":{"line":27,"column":10}},"6":{"start":{"line":22,"column":12},"end":{"line":22,"column":40}},"7":{"start":{"line":25,"column":12},"end":{"line":25,"column":28}},"8":{"start":{"line":26,"column":12},"end":{"line":26,"column":21}},"9":{"start":{"line":31,"column":8},"end":{"line":46,"column":10}},"10":{"start":{"line":38,"column":12},"end":{"line":42,"column":13}},"11":{"start":{"line":39,"column":16},"end":{"line":39,"column":54}},"12":{"start":{"line":41,"column":16},"end":{"line":41,"column":50}},"13":{"start":{"line":45,"column":12},"end":{"line":45,"column":21}},"14":{"start":{"line":50,"column":8},"end":{"line":72,"column":10}},"15":{"start":{"line":54,"column":12},"end":{"line":65,"column":13}},"16":{"start":{"line":55,"column":16},"end":{"line":58,"column":18}},"17":{"start":{"line":60,"column":16},"end":{"line":64,"column":18}},"18":{"start":{"line":68,"column":12},"end":{"line":68,"column":75}},"19":{"start":{"line":71,"column":12},"end":{"line":71,"column":21}},"20":{"start":{"line":76,"column":0},"end":{"line":76,"column":36}}},"fnMap":{"0":{"name":"(anonymous_0)","decl":{"start":{"line":6,"column":4},"end":{"line":6,"column":5}},"loc":{"start":{"line":6,"column":33},"end":{"line":16,"column":5}},"line":6},"1":{"name":"(anonymous_1)","decl":{"start":{"line":10,"column":14},"end":{"line":10,"column":15}},"loc":{"start":{"line":10,"column":24},"end":{"line":12,"column":9}},"line":10},"2":{"name":"(anonymous_2)","decl":{"start":{"line":13,"column":15},"end":{"line":13,"column":16}},"loc":{"start":{"line":13,"column":22},"end":{"line":15,"column":9}},"line":13},"3":{"name":"(anonymous_3)","decl":{"start":{"line":18,"column":4},"end":{"line":18,"column":5}},"loc":{"start":{"line":18,"column":34},"end":{"line":28,"column":5}},"line":18},"4":{"name":"(anonymous_4)","decl":{"start":{"line":21,"column":14},"end":{"line":21,"column":15}},"loc":{"start":{"line":21,"column":24},"end":{"line":23,"column":9}},"line":21},"5":{"name":"(anonymous_5)","decl":{"start":{"line":24,"column":15},"end":{"line":24,"column":16}},"loc":{"start":{"line":24,"column":22},"end":{"line":27,"column":9}},"line":24},"6":{"name":"(anonymous_6)","decl":{"start":{"line":30,"column":4},"end":{"line":30,"column":5}},"loc":{"start":{"line":30,"column":37},"end":{"line":47,"column":5}},"line":30},"7":{"name":"(anonymous_7)","decl":{"start":{"line":37,"column":14},"end":{"line":37,"column":15}},"loc":{"start":{"line":37,"column":24},"end":{"line":43,"column":9}},"line":37},"8":{"name":"(anonymous_8)","decl":{"start":{"line":44,"column":15},"end":{"line":44,"column":16}},"loc":{"start":{"line":44,"column":22},"end":{"line":46,"column":9}},"line":44},"9":{"name":"(anonymous_9)","decl":{"start":{"line":49,"column":4},"end":{"line":49,"column":5}},"loc":{"start":{"line":49,"column":37},"end":{"line":73,"column":5}},"line":49},"10":{"name":"(anonymous_10)","decl":{"start":{"line":53,"column":14},"end":{"line":53,"column":15}},"loc":{"start":{"line":53,"column":24},"end":{"line":66,"column":9}},"line":53},"11":{"name":"(anonymous_11)","decl":{"start":{"line":67,"column":14},"end":{"line":67,"column":15}},"loc":{"start":{"line":67,"column":20},"end":{"line":69,"column":9}},"line":67},"12":{"name":"(anonymous_12)","decl":{"start":{"line":70,"column":15},"end":{"line":70,"column":16}},"loc":{"start":{"line":70,"column":22},"end":{"line":72,"column":9}},"line":70}},"branchMap":{"0":{"loc":{"start":{"line":38,"column":12},"end":{"line":42,"column":13}},"type":"if","locations":[{"start":{"line":38,"column":12},"end":{"line":42,"column":13}},{"start":{"line":38,"column":12},"end":{"line":42,"column":13}}],"line":38},"1":{"loc":{"start":{"line":54,"column":12},"end":{"line":65,"column":13}},"type":"if","locations":[{"start":{"line":54,"column":12},"end":{"line":65,"column":13}},{"start":{"line":54,"column":12},"end":{"line":65,"column":13}}],"line":54}},"s":{"0":3,"1":1,"2":1,"3":0,"4":1,"5":1,"6":1,"7":0,"8":0,"9":1,"10":1,"11":0,"12":1,"13":0,"14":1,"15":1,"16":0,"17":1,"18":1,"19":0,"20":3},"f":{"0":1,"1":1,"2":0,"3":1,"4":1,"5":0,"6":1,"7":1,"8":0,"9":1,"10":1,"11":1,"12":0},"b":{"0":[0,1],"1":[0,1]},"_coverageSchema":"1a1c01bbd47fc00a2c39e90264f33305004495a9","hash":"444a8db979fcdf479b5fd2e24c933a36764735a5"}
,"D:\\Hacktiv8\\Fase-2\\e-commerce\\e-commerce-server\\controllers\\ProductController.js": {"path":"D:\\Hacktiv8\\Fase-2\\e-commerce\\e-commerce-server\\controllers\\ProductController.js","statementMap":{"0":{"start":{"line":3,"column":28},"end":{"line":3,"column":57}},"1":{"start":{"line":7,"column":8},"end":{"line":16,"column":10}},"2":{"start":{"line":12,"column":12},"end":{"line":12,"column":40}},"3":{"start":{"line":15,"column":12},"end":{"line":15,"column":21}},"4":{"start":{"line":20,"column":8},"end":{"line":26,"column":10}},"5":{"start":{"line":22,"column":12},"end":{"line":22,"column":40}},"6":{"start":{"line":25,"column":12},"end":{"line":25,"column":21}},"7":{"start":{"line":30,"column":8},"end":{"line":45,"column":10}},"8":{"start":{"line":37,"column":12},"end":{"line":41,"column":13}},"9":{"start":{"line":38,"column":16},"end":{"line":38,"column":54}},"10":{"start":{"line":40,"column":16},"end":{"line":40,"column":50}},"11":{"start":{"line":44,"column":12},"end":{"line":44,"column":21}},"12":{"start":{"line":49,"column":8},"end":{"line":71,"column":10}},"13":{"start":{"line":53,"column":12},"end":{"line":64,"column":13}},"14":{"start":{"line":54,"column":16},"end":{"line":57,"column":18}},"15":{"start":{"line":59,"column":16},"end":{"line":63,"column":18}},"16":{"start":{"line":67,"column":12},"end":{"line":67,"column":74}},"17":{"start":{"line":70,"column":12},"end":{"line":70,"column":21}},"18":{"start":{"line":75,"column":0},"end":{"line":75,"column":35}}},"fnMap":{"0":{"name":"(anonymous_0)","decl":{"start":{"line":6,"column":4},"end":{"line":6,"column":5}},"loc":{"start":{"line":6,"column":33},"end":{"line":17,"column":5}},"line":6},"1":{"name":"(anonymous_1)","decl":{"start":{"line":11,"column":14},"end":{"line":11,"column":15}},"loc":{"start":{"line":11,"column":24},"end":{"line":13,"column":9}},"line":11},"2":{"name":"(anonymous_2)","decl":{"start":{"line":14,"column":15},"end":{"line":14,"column":16}},"loc":{"start":{"line":14,"column":22},"end":{"line":16,"column":9}},"line":14},"3":{"name":"(anonymous_3)","decl":{"start":{"line":19,"column":4},"end":{"line":19,"column":5}},"loc":{"start":{"line":19,"column":34},"end":{"line":27,"column":5}},"line":19},"4":{"name":"(anonymous_4)","decl":{"start":{"line":21,"column":14},"end":{"line":21,"column":15}},"loc":{"start":{"line":21,"column":24},"end":{"line":23,"column":9}},"line":21},"5":{"name":"(anonymous_5)","decl":{"start":{"line":24,"column":15},"end":{"line":24,"column":16}},"loc":{"start":{"line":24,"column":22},"end":{"line":26,"column":9}},"line":24},"6":{"name":"(anonymous_6)","decl":{"start":{"line":29,"column":4},"end":{"line":29,"column":5}},"loc":{"start":{"line":29,"column":37},"end":{"line":46,"column":5}},"line":29},"7":{"name":"(anonymous_7)","decl":{"start":{"line":36,"column":14},"end":{"line":36,"column":15}},"loc":{"start":{"line":36,"column":24},"end":{"line":42,"column":9}},"line":36},"8":{"name":"(anonymous_8)","decl":{"start":{"line":43,"column":15},"end":{"line":43,"column":16}},"loc":{"start":{"line":43,"column":22},"end":{"line":45,"column":9}},"line":43},"9":{"name":"(anonymous_9)","decl":{"start":{"line":48,"column":4},"end":{"line":48,"column":5}},"loc":{"start":{"line":48,"column":37},"end":{"line":72,"column":5}},"line":48},"10":{"name":"(anonymous_10)","decl":{"start":{"line":52,"column":14},"end":{"line":52,"column":15}},"loc":{"start":{"line":52,"column":24},"end":{"line":65,"column":9}},"line":52},"11":{"name":"(anonymous_11)","decl":{"start":{"line":66,"column":14},"end":{"line":66,"column":15}},"loc":{"start":{"line":66,"column":20},"end":{"line":68,"column":9}},"line":66},"12":{"name":"(anonymous_12)","decl":{"start":{"line":69,"column":15},"end":{"line":69,"column":16}},"loc":{"start":{"line":69,"column":22},"end":{"line":71,"column":9}},"line":69}},"branchMap":{"0":{"loc":{"start":{"line":37,"column":12},"end":{"line":41,"column":13}},"type":"if","locations":[{"start":{"line":37,"column":12},"end":{"line":41,"column":13}},{"start":{"line":37,"column":12},"end":{"line":41,"column":13}}],"line":37},"1":{"loc":{"start":{"line":53,"column":12},"end":{"line":64,"column":13}},"type":"if","locations":[{"start":{"line":53,"column":12},"end":{"line":64,"column":13}},{"start":{"line":53,"column":12},"end":{"line":64,"column":13}}],"line":53}},"s":{"0":3,"1":1,"2":1,"3":0,"4":1,"5":1,"6":0,"7":1,"8":1,"9":0,"10":1,"11":0,"12":1,"13":1,"14":0,"15":1,"16":1,"17":0,"18":3},"f":{"0":1,"1":1,"2":0,"3":1,"4":1,"5":0,"6":1,"7":1,"8":0,"9":1,"10":1,"11":1,"12":0},"b":{"0":[0,1],"1":[0,1]},"_coverageSchema":"1a1c01bbd47fc00a2c39e90264f33305004495a9","hash":"0a63fb47efcde2cf6948dc458755ccbad130c03f"}
,"D:\\Hacktiv8\\Fase-2\\e-commerce\\e-commerce-server\\controllers\\UserController.js": {"path":"D:\\Hacktiv8\\Fase-2\\e-commerce\\e-commerce-server\\controllers\\UserController.js","statementMap":{"0":{"start":{"line":1,"column":15},"end":{"line":1,"column":35}},"1":{"start":{"line":2,"column":26},"end":{"line":2,"column":54}},"2":{"start":{"line":3,"column":28},"end":{"line":3,"column":56}},"3":{"start":{"line":7,"column":8},"end":{"line":24,"column":10}},"4":{"start":{"line":13,"column":26},"end":{"line":16,"column":14}},"5":{"start":{"line":18,"column":12},"end":{"line":20,"column":14}},"6":{"start":{"line":23,"column":12},"end":{"line":23,"column":21}},"7":{"start":{"line":28,"column":8},"end":{"line":60,"column":10}},"8":{"start":{"line":32,"column":12},"end":{"line":37,"column":13}},"9":{"start":{"line":33,"column":16},"end":{"line":36,"column":17}},"10":{"start":{"line":39,"column":28},"end":{"line":39,"column":79}},"11":{"start":{"line":41,"column":12},"end":{"line":46,"column":13}},"12":{"start":{"line":42,"column":16},"end":{"line":45,"column":17}},"13":{"start":{"line":49,"column":26},"end":{"line":52,"column":14}},"14":{"start":{"line":54,"column":12},"end":{"line":56,"column":14}},"15":{"start":{"line":59,"column":12},"end":{"line":59,"column":21}},"16":{"start":{"line":64,"column":0},"end":{"line":64,"column":32}}},"fnMap":{"0":{"name":"(anonymous_0)","decl":{"start":{"line":6,"column":4},"end":{"line":6,"column":5}},"loc":{"start":{"line":6,"column":36},"end":{"line":25,"column":5}},"line":6},"1":{"name":"(anonymous_1)","decl":{"start":{"line":12,"column":14},"end":{"line":12,"column":15}},"loc":{"start":{"line":12,"column":24},"end":{"line":21,"column":9}},"line":12},"2":{"name":"(anonymous_2)","decl":{"start":{"line":22,"column":15},"end":{"line":22,"column":16}},"loc":{"start":{"line":22,"column":22},"end":{"line":24,"column":9}},"line":22},"3":{"name":"(anonymous_3)","decl":{"start":{"line":27,"column":4},"end":{"line":27,"column":5}},"loc":{"start":{"line":27,"column":32},"end":{"line":61,"column":5}},"line":27},"4":{"name":"(anonymous_4)","decl":{"start":{"line":31,"column":14},"end":{"line":31,"column":15}},"loc":{"start":{"line":31,"column":24},"end":{"line":57,"column":9}},"line":31},"5":{"name":"(anonymous_5)","decl":{"start":{"line":58,"column":15},"end":{"line":58,"column":16}},"loc":{"start":{"line":58,"column":22},"end":{"line":60,"column":9}},"line":58}},"branchMap":{"0":{"loc":{"start":{"line":32,"column":12},"end":{"line":37,"column":13}},"type":"if","locations":[{"start":{"line":32,"column":12},"end":{"line":37,"column":13}},{"start":{"line":32,"column":12},"end":{"line":37,"column":13}}],"line":32},"1":{"loc":{"start":{"line":41,"column":12},"end":{"line":46,"column":13}},"type":"if","locations":[{"start":{"line":41,"column":12},"end":{"line":46,"column":13}},{"start":{"line":41,"column":12},"end":{"line":46,"column":13}}],"line":41}},"s":{"0":3,"1":3,"2":3,"3":2,"4":1,"5":1,"6":1,"7":2,"8":2,"9":1,"10":1,"11":1,"12":0,"13":1,"14":1,"15":1,"16":3},"f":{"0":2,"1":1,"2":1,"3":2,"4":2,"5":1},"b":{"0":[1,1],"1":[0,1]},"_coverageSchema":"1a1c01bbd47fc00a2c39e90264f33305004495a9","hash":"e2269940dc9fcf6fae71a5384347b670f1f1896b"}
,"D:\\Hacktiv8\\Fase-2\\e-commerce\\e-commerce-server\\helpers\\bcrypt.js": {"path":"D:\\Hacktiv8\\Fase-2\\e-commerce\\e-commerce-server\\helpers\\bcrypt.js","statementMap":{"0":{"start":{"line":1,"column":15},"end":{"line":1,"column":34}},"1":{"start":{"line":3,"column":21},"end":{"line":7,"column":1}},"2":{"start":{"line":4,"column":17},"end":{"line":4,"column":39}},"3":{"start":{"line":5,"column":17},"end":{"line":5,"column":52}},"4":{"start":{"line":6,"column":4},"end":{"line":6,"column":16}},"5":{"start":{"line":9,"column":24},"end":{"line":12,"column":1}},"6":{"start":{"line":10,"column":22},"end":{"line":10,"column":68}},"7":{"start":{"line":11,"column":4},"end":{"line":11,"column":20}},"8":{"start":{"line":14,"column":0},"end":{"line":16,"column":1}}},"fnMap":{"0":{"name":"(anonymous_0)","decl":{"start":{"line":3,"column":21},"end":{"line":3,"column":22}},"loc":{"start":{"line":3,"column":39},"end":{"line":7,"column":1}},"line":3},"1":{"name":"(anonymous_1)","decl":{"start":{"line":9,"column":24},"end":{"line":9,"column":25}},"loc":{"start":{"line":9,"column":56},"end":{"line":12,"column":1}},"line":9}},"branchMap":{},"s":{"0":3,"1":3,"2":3,"3":3,"4":3,"5":3,"6":1,"7":1,"8":3},"f":{"0":3,"1":1},"b":{},"_coverageSchema":"1a1c01bbd47fc00a2c39e90264f33305004495a9","hash":"28748915870dbe0234748ef59beaf5c612cb628f"}
,"D:\\Hacktiv8\\Fase-2\\e-commerce\\e-commerce-server\\helpers\\jwt.js": {"path":"D:\\Hacktiv8\\Fase-2\\e-commerce\\e-commerce-server\\helpers\\jwt.js","statementMap":{"0":{"start":{"line":1,"column":12},"end":{"line":1,"column":35}},"1":{"start":{"line":2,"column":19},"end":{"line":2,"column":45}},"2":{"start":{"line":4,"column":22},"end":{"line":12,"column":1}},"3":{"start":{"line":5,"column":4},"end":{"line":11,"column":5}},"4":{"start":{"line":6,"column":22},"end":{"line":6,"column":51}},"5":{"start":{"line":8,"column":8},"end":{"line":8,"column":21}},"6":{"start":{"line":10,"column":8},"end":{"line":10,"column":24}},"7":{"start":{"line":14,"column":20},"end":{"line":18,"column":1}},"8":{"start":{"line":16,"column":20},"end":{"line":16,"column":49}},"9":{"start":{"line":17,"column":4},"end":{"line":17,"column":19}},"10":{"start":{"line":20,"column":0},"end":{"line":22,"column":1}}},"fnMap":{"0":{"name":"(anonymous_0)","decl":{"start":{"line":4,"column":22},"end":{"line":4,"column":23}},"loc":{"start":{"line":4,"column":35},"end":{"line":12,"column":1}},"line":4},"1":{"name":"(anonymous_1)","decl":{"start":{"line":14,"column":20},"end":{"line":14,"column":21}},"loc":{"start":{"line":14,"column":31},"end":{"line":18,"column":1}},"line":14}},"branchMap":{},"s":{"0":3,"1":3,"2":3,"3":4,"4":4,"5":4,"6":0,"7":3,"8":16,"9":8,"10":3},"f":{"0":4,"1":16},"b":{},"_coverageSchema":"1a1c01bbd47fc00a2c39e90264f33305004495a9","hash":"597552e1099700880bb1e21bb1d3b2b05f3798bc"}
,"D:\\Hacktiv8\\Fase-2\\e-commerce\\e-commerce-server\\middlewares\\auth.js": {"path":"D:\\Hacktiv8\\Fase-2\\e-commerce\\e-commerce-server\\middlewares\\auth.js","statementMap":{"0":{"start":{"line":1,"column":24},"end":{"line":1,"column":49}},"1":{"start":{"line":2,"column":15},"end":{"line":2,"column":35}},"2":{"start":{"line":3,"column":18},"end":{"line":3,"column":38}},"3":{"start":{"line":6,"column":4},"end":{"line":34,"column":5}},"4":{"start":{"line":7,"column":31},"end":{"line":7,"column":42}},"5":{"start":{"line":8,"column":28},"end":{"line":8,"column":53}},"6":{"start":{"line":9,"column":8},"end":{"line":9,"column":40}},"7":{"start":{"line":10,"column":8},"end":{"line":31,"column":10}},"8":{"start":{"line":14,"column":12},"end":{"line":19,"column":13}},"9":{"start":{"line":15,"column":16},"end":{"line":18,"column":17}},"10":{"start":{"line":21,"column":12},"end":{"line":25,"column":13}},"11":{"start":{"line":27,"column":12},"end":{"line":27,"column":19}},"12":{"start":{"line":30,"column":12},"end":{"line":30,"column":43}},"13":{"start":{"line":33,"column":8},"end":{"line":33,"column":41}},"14":{"start":{"line":37,"column":26},"end":{"line":48,"column":1}},"15":{"start":{"line":38,"column":15},"end":{"line":38,"column":33}},"16":{"start":{"line":40,"column":4},"end":{"line":47,"column":5}},"17":{"start":{"line":41,"column":8},"end":{"line":41,"column":22}},"18":{"start":{"line":43,"column":8},"end":{"line":46,"column":9}},"19":{"start":{"line":50,"column":0},"end":{"line":52,"column":1}}},"fnMap":{"0":{"name":"authentication","decl":{"start":{"line":5,"column":9},"end":{"line":5,"column":23}},"loc":{"start":{"line":5,"column":39},"end":{"line":35,"column":1}},"line":5},"1":{"name":"(anonymous_1)","decl":{"start":{"line":13,"column":14},"end":{"line":13,"column":15}},"loc":{"start":{"line":13,"column":23},"end":{"line":28,"column":9}},"line":13},"2":{"name":"(anonymous_2)","decl":{"start":{"line":29,"column":15},"end":{"line":29,"column":16}},"loc":{"start":{"line":29,"column":22},"end":{"line":31,"column":9}},"line":29},"3":{"name":"(anonymous_3)","decl":{"start":{"line":37,"column":26},"end":{"line":37,"column":27}},"loc":{"start":{"line":37,"column":46},"end":{"line":48,"column":1}},"line":37}},"branchMap":{"0":{"loc":{"start":{"line":14,"column":12},"end":{"line":19,"column":13}},"type":"if","locations":[{"start":{"line":14,"column":12},"end":{"line":19,"column":13}},{"start":{"line":14,"column":12},"end":{"line":19,"column":13}}],"line":14},"1":{"loc":{"start":{"line":40,"column":4},"end":{"line":47,"column":5}},"type":"if","locations":[{"start":{"line":40,"column":4},"end":{"line":47,"column":5}},{"start":{"line":40,"column":4},"end":{"line":47,"column":5}}],"line":40}},"s":{"0":3,"1":3,"2":3,"3":16,"4":16,"5":16,"6":8,"7":8,"8":8,"9":0,"10":8,"11":8,"12":0,"13":8,"14":3,"15":6,"16":6,"17":6,"18":0,"19":3},"f":{"0":16,"1":8,"2":0,"3":6},"b":{"0":[0,8],"1":[6,0]},"_coverageSchema":"1a1c01bbd47fc00a2c39e90264f33305004495a9","hash":"011e66d209b145049bf93a4a012231ecda456487"}
,"D:\\Hacktiv8\\Fase-2\\e-commerce\\e-commerce-server\\middlewares\\errHandler.js": {"path":"D:\\Hacktiv8\\Fase-2\\e-commerce\\e-commerce-server\\middlewares\\errHandler.js","statementMap":{"0":{"start":{"line":5,"column":4},"end":{"line":29,"column":5}},"1":{"start":{"line":7,"column":12},"end":{"line":7,"column":29}},"2":{"start":{"line":8,"column":12},"end":{"line":8,"column":54}},"3":{"start":{"line":9,"column":12},"end":{"line":9,"column":18}},"4":{"start":{"line":11,"column":12},"end":{"line":11,"column":29}},"5":{"start":{"line":12,"column":12},"end":{"line":12,"column":43}},"6":{"start":{"line":13,"column":12},"end":{"line":13,"column":18}},"7":{"start":{"line":15,"column":12},"end":{"line":15,"column":29}},"8":{"start":{"line":16,"column":12},"end":{"line":16,"column":33}},"9":{"start":{"line":18,"column":12},"end":{"line":18,"column":29}},"10":{"start":{"line":19,"column":12},"end":{"line":19,"column":33}},"11":{"start":{"line":21,"column":12},"end":{"line":25,"column":13}},"12":{"start":{"line":22,"column":16},"end":{"line":22,"column":29}},"13":{"start":{"line":24,"column":16},"end":{"line":24,"column":38}},"14":{"start":{"line":27,"column":12},"end":{"line":27,"column":29}},"15":{"start":{"line":28,"column":12},"end":{"line":28,"column":18}},"16":{"start":{"line":31,"column":4},"end":{"line":31,"column":45}},"17":{"start":{"line":33,"column":4},"end":{"line":35,"column":6}},"18":{"start":{"line":38,"column":0},"end":{"line":38,"column":28}}},"fnMap":{"0":{"name":"errHandler","decl":{"start":{"line":1,"column":9},"end":{"line":1,"column":19}},"loc":{"start":{"line":1,"column":40},"end":{"line":36,"column":1}},"line":1}},"branchMap":{"0":{"loc":{"start":{"line":5,"column":4},"end":{"line":29,"column":5}},"type":"switch","locations":[{"start":{"line":6,"column":8},"end":{"line":9,"column":18}},{"start":{"line":10,"column":8},"end":{"line":13,"column":18}},{"start":{"line":14,"column":8},"end":{"line":16,"column":33}},{"start":{"line":17,"column":8},"end":{"line":19,"column":33}},{"start":{"line":20,"column":8},"end":{"line":28,"column":18}}],"line":5},"1":{"loc":{"start":{"line":21,"column":12},"end":{"line":25,"column":13}},"type":"if","locations":[{"start":{"line":21,"column":12},"end":{"line":25,"column":13}},{"start":{"line":21,"column":12},"end":{"line":25,"column":13}}],"line":21}},"s":{"0":10,"1":1,"2":1,"3":1,"4":1,"5":1,"6":1,"7":0,"8":0,"9":0,"10":0,"11":8,"12":8,"13":0,"14":8,"15":8,"16":10,"17":10,"18":3},"f":{"0":10},"b":{"0":[1,1,0,0,8],"1":[8,0]},"_coverageSchema":"1a1c01bbd47fc00a2c39e90264f33305004495a9","hash":"a008b97cb06a04a81c60022640f1f9e7686d2485"}
,"D:\\Hacktiv8\\Fase-2\\e-commerce\\e-commerce-server\\models\\category.js": {"path":"D:\\Hacktiv8\\Fase-2\\e-commerce\\e-commerce-server\\models\\category.js","statementMap":{"0":{"start":{"line":4,"column":4},"end":{"line":4,"column":24}},"1":{"start":{"line":5,"column":0},"end":{"line":23,"column":2}},"2":{"start":{"line":13,"column":6},"end":{"line":13,"column":66}},"3":{"start":{"line":16,"column":2},"end":{"line":21,"column":5}},"4":{"start":{"line":22,"column":2},"end":{"line":22,"column":18}}},"fnMap":{"0":{"name":"(anonymous_0)","decl":{"start":{"line":5,"column":17},"end":{"line":5,"column":18}},"loc":{"start":{"line":5,"column":43},"end":{"line":23,"column":1}},"line":5},"1":{"name":"(anonymous_1)","decl":{"start":{"line":12,"column":4},"end":{"line":12,"column":5}},"loc":{"start":{"line":12,"column":29},"end":{"line":14,"column":5}},"line":12}},"branchMap":{},"s":{"0":3,"1":3,"2":3,"3":3,"4":3},"f":{"0":3,"1":3},"b":{},"_coverageSchema":"1a1c01bbd47fc00a2c39e90264f33305004495a9","hash":"0ab83c808699b8630bde65bf685cf93106787f4f"}
,"D:\\Hacktiv8\\Fase-2\\e-commerce\\e-commerce-server\\models\\index.js": {"path":"D:\\Hacktiv8\\Fase-2\\e-commerce\\e-commerce-server\\models\\index.js","statementMap":{"0":{"start":{"line":3,"column":11},"end":{"line":3,"column":24}},"1":{"start":{"line":4,"column":13},"end":{"line":4,"column":28}},"2":{"start":{"line":5,"column":18},"end":{"line":5,"column":38}},"3":{"start":{"line":6,"column":17},"end":{"line":6,"column":42}},"4":{"start":{"line":7,"column":12},"end":{"line":7,"column":49}},"5":{"start":{"line":8,"column":15},"end":{"line":8,"column":65}},"6":{"start":{"line":9,"column":11},"end":{"line":9,"column":13}},"7":{"start":{"line":12,"column":0},"end":{"line":16,"column":1}},"8":{"start":{"line":13,"column":2},"end":{"line":13,"column":74}},"9":{"start":{"line":15,"column":2},"end":{"line":15,"column":87}},"10":{"start":{"line":18,"column":0},"end":{"line":26,"column":5}},"11":{"start":{"line":21,"column":4},"end":{"line":21,"column":90}},"12":{"start":{"line":24,"column":18},"end":{"line":24,"column":85}},"13":{"start":{"line":25,"column":4},"end":{"line":25,"column":27}},"14":{"start":{"line":28,"column":0},"end":{"line":32,"column":3}},"15":{"start":{"line":29,"column":2},"end":{"line":31,"column":3}},"16":{"start":{"line":30,"column":4},"end":{"line":30,"column":32}},"17":{"start":{"line":34,"column":0},"end":{"line":34,"column":25}},"18":{"start":{"line":35,"column":0},"end":{"line":35,"column":25}},"19":{"start":{"line":37,"column":0},"end":{"line":37,"column":20}}},"fnMap":{"0":{"name":"(anonymous_0)","decl":{"start":{"line":20,"column":10},"end":{"line":20,"column":11}},"loc":{"start":{"line":20,"column":18},"end":{"line":22,"column":3}},"line":20},"1":{"name":"(anonymous_1)","decl":{"start":{"line":23,"column":11},"end":{"line":23,"column":12}},"loc":{"start":{"line":23,"column":19},"end":{"line":26,"column":3}},"line":23},"2":{"name":"(anonymous_2)","decl":{"start":{"line":28,"column":24},"end":{"line":28,"column":25}},"loc":{"start":{"line":28,"column":37},"end":{"line":32,"column":1}},"line":28}},"branchMap":{"0":{"loc":{"start":{"line":7,"column":12},"end":{"line":7,"column":49}},"type":"binary-expr","locations":[{"start":{"line":7,"column":12},"end":{"line":7,"column":32}},{"start":{"line":7,"column":36},"end":{"line":7,"column":49}}],"line":7},"1":{"loc":{"start":{"line":12,"column":0},"end":{"line":16,"column":1}},"type":"if","locations":[{"start":{"line":12,"column":0},"end":{"line":16,"column":1}},{"start":{"line":12,"column":0},"end":{"line":16,"column":1}}],"line":12},"2":{"loc":{"start":{"line":21,"column":11},"end":{"line":21,"column":89}},"type":"binary-expr","locations":[{"start":{"line":21,"column":12},"end":{"line":21,"column":35}},{"start":{"line":21,"column":41},"end":{"line":21,"column":58}},{"start":{"line":21,"column":64},"end":{"line":21,"column":88}}],"line":21},"3":{"loc":{"start":{"line":29,"column":2},"end":{"line":31,"column":3}},"type":"if","locations":[{"start":{"line":29,"column":2},"end":{"line":31,"column":3}},{"start":{"line":29,"column":2},"end":{"line":31,"column":3}}],"line":29}},"s":{"0":3,"1":3,"2":3,"3":3,"4":3,"5":3,"6":3,"7":3,"8":0,"9":3,"10":3,"11":12,"12":9,"13":9,"14":3,"15":9,"16":9,"17":3,"18":3,"19":3},"f":{"0":12,"1":9,"2":9},"b":{"0":[3,0],"1":[0,3],"2":[12,12,9],"3":[9,0]},"_coverageSchema":"1a1c01bbd47fc00a2c39e90264f33305004495a9","hash":"4ff759dc3536cc6019df57373c21ea41cf009c29"}
,"D:\\Hacktiv8\\Fase-2\\e-commerce\\e-commerce-server\\models\\product.js": {"path":"D:\\Hacktiv8\\Fase-2\\e-commerce\\e-commerce-server\\models\\product.js","statementMap":{"0":{"start":{"line":4,"column":4},"end":{"line":4,"column":24}},"1":{"start":{"line":5,"column":0},"end":{"line":28,"column":2}},"2":{"start":{"line":14,"column":6},"end":{"line":14,"column":68}},"3":{"start":{"line":17,"column":2},"end":{"line":26,"column":5}},"4":{"start":{"line":27,"column":2},"end":{"line":27,"column":17}}},"fnMap":{"0":{"name":"(anonymous_0)","decl":{"start":{"line":5,"column":17},"end":{"line":5,"column":18}},"loc":{"start":{"line":5,"column":43},"end":{"line":28,"column":1}},"line":5},"1":{"name":"(anonymous_1)","decl":{"start":{"line":12,"column":4},"end":{"line":12,"column":5}},"loc":{"start":{"line":12,"column":29},"end":{"line":15,"column":5}},"line":12}},"branchMap":{},"s":{"0":3,"1":3,"2":3,"3":3,"4":3},"f":{"0":3,"1":3},"b":{},"_coverageSchema":"1a1c01bbd47fc00a2c39e90264f33305004495a9","hash":"2a424c7bb3df3058728d57f489f0a968f14f2062"}
,"D:\\Hacktiv8\\Fase-2\\e-commerce\\e-commerce-server\\models\\user.js": {"path":"D:\\Hacktiv8\\Fase-2\\e-commerce\\e-commerce-server\\models\\user.js","statementMap":{"0":{"start":{"line":4,"column":4},"end":{"line":4,"column":24}},"1":{"start":{"line":5,"column":23},"end":{"line":5,"column":51}},"2":{"start":{"line":6,"column":0},"end":{"line":56,"column":2}},"3":{"start":{"line":17,"column":2},"end":{"line":54,"column":5}},"4":{"start":{"line":50,"column":31},"end":{"line":50,"column":55}},"5":{"start":{"line":51,"column":8},"end":{"line":51,"column":36}},"6":{"start":{"line":55,"column":2},"end":{"line":55,"column":14}}},"fnMap":{"0":{"name":"(anonymous_0)","decl":{"start":{"line":6,"column":17},"end":{"line":6,"column":18}},"loc":{"start":{"line":6,"column":43},"end":{"line":56,"column":1}},"line":6},"1":{"name":"(anonymous_1)","decl":{"start":{"line":13,"column":4},"end":{"line":13,"column":5}},"loc":{"start":{"line":13,"column":29},"end":{"line":15,"column":5}},"line":13},"2":{"name":"(anonymous_2)","decl":{"start":{"line":49,"column":20},"end":{"line":49,"column":21}},"loc":{"start":{"line":49,"column":32},"end":{"line":52,"column":7}},"line":49}},"branchMap":{},"s":{"0":3,"1":3,"2":3,"3":3,"4":1,"5":1,"6":3},"f":{"0":3,"1":3,"2":1},"b":{},"_coverageSchema":"1a1c01bbd47fc00a2c39e90264f33305004495a9","hash":"d9cce9ce6cc80b734fb904d2391e335b0b9cab27"}
,"D:\\Hacktiv8\\Fase-2\\e-commerce\\e-commerce-server\\routes\\categories.js": {"path":"D:\\Hacktiv8\\Fase-2\\e-commerce\\e-commerce-server\\routes\\categories.js","statementMap":{"0":{"start":{"line":1,"column":16},"end":{"line":1,"column":34}},"1":{"start":{"line":2,"column":27},"end":{"line":2,"column":71}},"2":{"start":{"line":3,"column":15},"end":{"line":3,"column":31}},"3":{"start":{"line":4,"column":28},"end":{"line":4,"column":61}},"4":{"start":{"line":6,"column":0},"end":{"line":6,"column":42}},"5":{"start":{"line":7,"column":0},"end":{"line":7,"column":63}},"6":{"start":{"line":8,"column":0},"end":{"line":8,"column":68}},"7":{"start":{"line":9,"column":0},"end":{"line":9,"column":71}},"8":{"start":{"line":11,"column":0},"end":{"line":11,"column":24}}},"fnMap":{},"branchMap":{},"s":{"0":3,"1":3,"2":3,"3":3,"4":3,"5":3,"6":3,"7":3,"8":3},"f":{},"b":{},"_coverageSchema":"1a1c01bbd47fc00a2c39e90264f33305004495a9","hash":"135ff3c5e22bf9a0de1908b8830dbe5eaa82b4c9"}
,"D:\\Hacktiv8\\Fase-2\\e-commerce\\e-commerce-server\\routes\\index.js": {"path":"D:\\Hacktiv8\\Fase-2\\e-commerce\\e-commerce-server\\routes\\index.js","statementMap":{"0":{"start":{"line":1,"column":15},"end":{"line":1,"column":42}},"1":{"start":{"line":2,"column":25},"end":{"line":2,"column":58}},"2":{"start":{"line":4,"column":0},"end":{"line":4,"column":43}},"3":{"start":{"line":5,"column":0},"end":{"line":5,"column":26}},"4":{"start":{"line":6,"column":0},"end":{"line":6,"column":50}},"5":{"start":{"line":7,"column":0},"end":{"line":7,"column":46}},"6":{"start":{"line":9,"column":0},"end":{"line":9,"column":23}}},"fnMap":{},"branchMap":{},"s":{"0":3,"1":3,"2":3,"3":3,"4":3,"5":3,"6":3},"f":{},"b":{},"_coverageSchema":"1a1c01bbd47fc00a2c39e90264f33305004495a9","hash":"6147c7c02f529f7f1c54410cce388d84ccd7ed2a"}
,"D:\\Hacktiv8\\Fase-2\\e-commerce\\e-commerce-server\\routes\\products.js": {"path":"D:\\Hacktiv8\\Fase-2\\e-commerce\\e-commerce-server\\routes\\products.js","statementMap":{"0":{"start":{"line":1,"column":16},"end":{"line":1,"column":34}},"1":{"start":{"line":2,"column":26},"end":{"line":2,"column":72}},"2":{"start":{"line":3,"column":15},"end":{"line":3,"column":31}},"3":{"start":{"line":4,"column":28},"end":{"line":4,"column":61}},"4":{"start":{"line":6,"column":0},"end":{"line":6,"column":41}},"5":{"start":{"line":7,"column":0},"end":{"line":7,"column":62}},"6":{"start":{"line":8,"column":0},"end":{"line":8,"column":67}},"7":{"start":{"line":9,"column":0},"end":{"line":9,"column":70}},"8":{"start":{"line":11,"column":0},"end":{"line":11,"column":24}}},"fnMap":{},"branchMap":{},"s":{"0":3,"1":3,"2":3,"3":3,"4":3,"5":3,"6":3,"7":3,"8":3},"f":{},"b":{},"_coverageSchema":"1a1c01bbd47fc00a2c39e90264f33305004495a9","hash":"b126b357c8b45afb461382173a3cbfaa43571f9f"}
,"D:\\Hacktiv8\\Fase-2\\e-commerce\\e-commerce-server\\routes\\users.js": {"path":"D:\\Hacktiv8\\Fase-2\\e-commerce\\e-commerce-server\\routes\\users.js","statementMap":{"0":{"start":{"line":1,"column":16},"end":{"line":1,"column":34}},"1":{"start":{"line":2,"column":24},"end":{"line":2,"column":64}},"2":{"start":{"line":3,"column":15},"end":{"line":3,"column":31}},"3":{"start":{"line":5,"column":0},"end":{"line":5,"column":50}},"4":{"start":{"line":6,"column":0},"end":{"line":6,"column":44}},"5":{"start":{"line":7,"column":0},"end":{"line":7,"column":24}}},"fnMap":{},"branchMap":{},"s":{"0":3,"1":3,"2":3,"3":3,"4":3,"5":3},"f":{},"b":{},"_coverageSchema":"1a1c01bbd47fc00a2c39e90264f33305004495a9","hash":"623d2ebbb320bf41e4cf12ab5e41bda6a5ac1fc5"}
}
