{"C:\\Users\\Edgar\\Desktop\\hacktiv8\\phase 2\\commerce\\e-commerce-server\\app.js": {"path":"C:\\Users\\Edgar\\Desktop\\hacktiv8\\phase 2\\commerce\\e-commerce-server\\app.js","statementMap":{"0":{"start":{"line":1,"column":0},"end":{"line":1,"column":27}},"1":{"start":{"line":2,"column":16},"end":{"line":2,"column":34}},"2":{"start":{"line":3,"column":12},"end":{"line":3,"column":21}},"3":{"start":{"line":4,"column":13},"end":{"line":4,"column":28}},"4":{"start":{"line":5,"column":15},"end":{"line":5,"column":40}},"5":{"start":{"line":7,"column":0},"end":{"line":7,"column":15}},"6":{"start":{"line":8,"column":0},"end":{"line":8,"column":44}},"7":{"start":{"line":9,"column":0},"end":{"line":9,"column":23}},"8":{"start":{"line":11,"column":0},"end":{"line":11,"column":20}},"9":{"start":{"line":13,"column":0},"end":{"line":45,"column":3}},"10":{"start":{"line":14,"column":19},"end":{"line":14,"column":22}},"11":{"start":{"line":15,"column":2},"end":{"line":39,"column":3}},"12":{"start":{"line":17,"column":6},"end":{"line":17,"column":52}},"13":{"start":{"line":17,"column":41},"end":{"line":17,"column":51}},"14":{"start":{"line":18,"column":6},"end":{"line":18,"column":22}},"15":{"start":{"line":19,"column":6},"end":{"line":19,"column":12}},"16":{"start":{"line":22,"column":6},"end":{"line":22,"column":49}},"17":{"start":{"line":24,"column":6},"end":{"line":24,"column":22}},"18":{"start":{"line":25,"column":6},"end":{"line":25,"column":12}},"19":{"start":{"line":28,"column":6},"end":{"line":28,"column":51}},"20":{"start":{"line":29,"column":6},"end":{"line":29,"column":22}},"21":{"start":{"line":30,"column":6},"end":{"line":30,"column":12}},"22":{"start":{"line":34,"column":6},"end":{"line":34,"column":22}},"23":{"start":{"line":35,"column":6},"end":{"line":35,"column":12}},"24":{"start":{"line":38,"column":6},"end":{"line":38,"column":12}},"25":{"start":{"line":40,"column":2},"end":{"line":40,"column":98}},"26":{"start":{"line":41,"column":2},"end":{"line":41,"column":23}},"27":{"start":{"line":42,"column":2},"end":{"line":42,"column":26}},"28":{"start":{"line":43,"column":2},"end":{"line":43,"column":98}},"29":{"start":{"line":44,"column":2},"end":{"line":44,"column":56}},"30":{"start":{"line":47,"column":0},"end":{"line":47,"column":20}}},"fnMap":{"0":{"name":"(anonymous_0)","decl":{"start":{"line":13,"column":8},"end":{"line":13,"column":9}},"loc":{"start":{"line":13,"column":33},"end":{"line":45,"column":1}},"line":13},"1":{"name":"(anonymous_1)","decl":{"start":{"line":17,"column":35},"end":{"line":17,"column":36}},"loc":{"start":{"line":17,"column":41},"end":{"line":17,"column":51}},"line":17}},"branchMap":{"0":{"loc":{"start":{"line":15,"column":2},"end":{"line":39,"column":3}},"type":"switch","locations":[{"start":{"line":16,"column":4},"end":{"line":19,"column":12}},{"start":{"line":21,"column":4},"end":{"line":22,"column":49}},{"start":{"line":23,"column":4},"end":{"line":25,"column":12}},{"start":{"line":27,"column":4},"end":{"line":30,"column":12}},{"start":{"line":32,"column":4},"end":{"line":32,"column":22}},{"start":{"line":33,"column":4},"end":{"line":35,"column":12}},{"start":{"line":37,"column":4},"end":{"line":38,"column":12}}],"line":15}},"s":{"0":1,"1":1,"2":1,"3":1,"4":1,"5":1,"6":1,"7":1,"8":1,"9":1,"10":0,"11":0,"12":0,"13":0,"14":0,"15":0,"16":0,"17":0,"18":0,"19":0,"20":0,"21":0,"22":0,"23":0,"24":0,"25":0,"26":0,"27":0,"28":0,"29":0,"30":1},"f":{"0":0,"1":0},"b":{"0":[0,0,0,0,0,0,0]},"_coverageSchema":"1a1c01bbd47fc00a2c39e90264f33305004495a9","hash":"5fae8106316fc25bebeff3162e48e9ab74000783"}
,"C:\\Users\\Edgar\\Desktop\\hacktiv8\\phase 2\\commerce\\e-commerce-server\\controllers\\product.js": {"path":"C:\\Users\\Edgar\\Desktop\\hacktiv8\\phase 2\\commerce\\e-commerce-server\\controllers\\product.js","statementMap":{"0":{"start":{"line":1,"column":18},"end":{"line":1,"column":38}},"1":{"start":{"line":5,"column":8},"end":{"line":12,"column":9}},"2":{"start":{"line":5,"column":45},"end":{"line":5,"column":73}},"3":{"start":{"line":7,"column":12},"end":{"line":11,"column":40}},"4":{"start":{"line":9,"column":20},"end":{"line":9,"column":58}},"5":{"start":{"line":11,"column":30},"end":{"line":11,"column":39}},"6":{"start":{"line":15,"column":8},"end":{"line":23,"column":9}},"7":{"start":{"line":15,"column":45},"end":{"line":15,"column":73}},"8":{"start":{"line":17,"column":12},"end":{"line":22,"column":40}},"9":{"start":{"line":19,"column":20},"end":{"line":19,"column":96}},"10":{"start":{"line":19,"column":40},"end":{"line":19,"column":96}},"11":{"start":{"line":20,"column":20},"end":{"line":20,"column":56}},"12":{"start":{"line":22,"column":30},"end":{"line":22,"column":39}},"13":{"start":{"line":26,"column":8},"end":{"line":35,"column":9}},"14":{"start":{"line":26,"column":44},"end":{"line":26,"column":71}},"15":{"start":{"line":28,"column":12},"end":{"line":34,"column":40}},"16":{"start":{"line":30,"column":20},"end":{"line":30,"column":92}},"17":{"start":{"line":30,"column":37},"end":{"line":30,"column":92}},"18":{"start":{"line":31,"column":20},"end":{"line":31,"column":50}},"19":{"start":{"line":32,"column":20},"end":{"line":32,"column":67}},"20":{"start":{"line":34,"column":30},"end":{"line":34,"column":39}},"21":{"start":{"line":38,"column":8},"end":{"line":43,"column":36}},"22":{"start":{"line":40,"column":16},"end":{"line":40,"column":97}},"23":{"start":{"line":40,"column":41},"end":{"line":40,"column":97}},"24":{"start":{"line":41,"column":16},"end":{"line":41,"column":46}},"25":{"start":{"line":43,"column":26},"end":{"line":43,"column":35}},"26":{"start":{"line":47,"column":0},"end":{"line":47,"column":27}}},"fnMap":{"0":{"name":"(anonymous_0)","decl":{"start":{"line":4,"column":4},"end":{"line":4,"column":5}},"loc":{"start":{"line":4,"column":38},"end":{"line":13,"column":5}},"line":4},"1":{"name":"(anonymous_1)","decl":{"start":{"line":8,"column":22},"end":{"line":8,"column":23}},"loc":{"start":{"line":8,"column":28},"end":{"line":10,"column":17}},"line":8},"2":{"name":"(anonymous_2)","decl":{"start":{"line":11,"column":23},"end":{"line":11,"column":24}},"loc":{"start":{"line":11,"column":30},"end":{"line":11,"column":39}},"line":11},"3":{"name":"(anonymous_3)","decl":{"start":{"line":14,"column":4},"end":{"line":14,"column":5}},"loc":{"start":{"line":14,"column":37},"end":{"line":24,"column":5}},"line":14},"4":{"name":"(anonymous_4)","decl":{"start":{"line":18,"column":22},"end":{"line":18,"column":23}},"loc":{"start":{"line":18,"column":35},"end":{"line":21,"column":17}},"line":18},"5":{"name":"(anonymous_5)","decl":{"start":{"line":22,"column":23},"end":{"line":22,"column":24}},"loc":{"start":{"line":22,"column":30},"end":{"line":22,"column":39}},"line":22},"6":{"name":"(anonymous_6)","decl":{"start":{"line":25,"column":4},"end":{"line":25,"column":5}},"loc":{"start":{"line":25,"column":37},"end":{"line":36,"column":5}},"line":25},"7":{"name":"(anonymous_7)","decl":{"start":{"line":29,"column":22},"end":{"line":29,"column":23}},"loc":{"start":{"line":29,"column":35},"end":{"line":33,"column":17}},"line":29},"8":{"name":"(anonymous_8)","decl":{"start":{"line":34,"column":23},"end":{"line":34,"column":24}},"loc":{"start":{"line":34,"column":30},"end":{"line":34,"column":39}},"line":34},"9":{"name":"(anonymous_9)","decl":{"start":{"line":37,"column":4},"end":{"line":37,"column":5}},"loc":{"start":{"line":37,"column":37},"end":{"line":44,"column":5}},"line":37},"10":{"name":"(anonymous_10)","decl":{"start":{"line":39,"column":18},"end":{"line":39,"column":19}},"loc":{"start":{"line":39,"column":32},"end":{"line":42,"column":13}},"line":39},"11":{"name":"(anonymous_11)","decl":{"start":{"line":43,"column":19},"end":{"line":43,"column":20}},"loc":{"start":{"line":43,"column":26},"end":{"line":43,"column":35}},"line":43}},"branchMap":{"0":{"loc":{"start":{"line":5,"column":8},"end":{"line":12,"column":9}},"type":"if","locations":[{"start":{"line":5,"column":8},"end":{"line":12,"column":9}},{"start":{"line":5,"column":8},"end":{"line":12,"column":9}}],"line":5},"1":{"loc":{"start":{"line":15,"column":8},"end":{"line":23,"column":9}},"type":"if","locations":[{"start":{"line":15,"column":8},"end":{"line":23,"column":9}},{"start":{"line":15,"column":8},"end":{"line":23,"column":9}}],"line":15},"2":{"loc":{"start":{"line":19,"column":20},"end":{"line":19,"column":96}},"type":"if","locations":[{"start":{"line":19,"column":20},"end":{"line":19,"column":96}},{"start":{"line":19,"column":20},"end":{"line":19,"column":96}}],"line":19},"3":{"loc":{"start":{"line":26,"column":8},"end":{"line":35,"column":9}},"type":"if","locations":[{"start":{"line":26,"column":8},"end":{"line":35,"column":9}},{"start":{"line":26,"column":8},"end":{"line":35,"column":9}}],"line":26},"4":{"loc":{"start":{"line":30,"column":20},"end":{"line":30,"column":92}},"type":"if","locations":[{"start":{"line":30,"column":20},"end":{"line":30,"column":92}},{"start":{"line":30,"column":20},"end":{"line":30,"column":92}}],"line":30},"5":{"loc":{"start":{"line":40,"column":16},"end":{"line":40,"column":97}},"type":"if","locations":[{"start":{"line":40,"column":16},"end":{"line":40,"column":97}},{"start":{"line":40,"column":16},"end":{"line":40,"column":97}}],"line":40}},"s":{"0":1,"1":0,"2":0,"3":0,"4":0,"5":0,"6":0,"7":0,"8":0,"9":0,"10":0,"11":0,"12":0,"13":0,"14":0,"15":0,"16":0,"17":0,"18":0,"19":0,"20":0,"21":0,"22":0,"23":0,"24":0,"25":0,"26":1},"f":{"0":0,"1":0,"2":0,"3":0,"4":0,"5":0,"6":0,"7":0,"8":0,"9":0,"10":0,"11":0},"b":{"0":[0,0],"1":[0,0],"2":[0,0],"3":[0,0],"4":[0,0],"5":[0,0]},"_coverageSchema":"1a1c01bbd47fc00a2c39e90264f33305004495a9","hash":"5107627a1f9a7b5e413ed00c73285975a32b28e3"}
,"C:\\Users\\Edgar\\Desktop\\hacktiv8\\phase 2\\commerce\\e-commerce-server\\controllers\\tags.js": {"path":"C:\\Users\\Edgar\\Desktop\\hacktiv8\\phase 2\\commerce\\e-commerce-server\\controllers\\tags.js","statementMap":{"0":{"start":{"line":1,"column":23},"end":{"line":1,"column":49}},"1":{"start":{"line":5,"column":8},"end":{"line":9,"column":32}},"2":{"start":{"line":7,"column":12},"end":{"line":7,"column":58}},"3":{"start":{"line":9,"column":22},"end":{"line":9,"column":31}},"4":{"start":{"line":13,"column":8},"end":{"line":21,"column":36}},"5":{"start":{"line":18,"column":16},"end":{"line":18,"column":83}},"6":{"start":{"line":18,"column":33},"end":{"line":18,"column":83}},"7":{"start":{"line":19,"column":16},"end":{"line":19,"column":61}},"8":{"start":{"line":21,"column":26},"end":{"line":21,"column":35}},"9":{"start":{"line":25,"column":8},"end":{"line":30,"column":36}},"10":{"start":{"line":27,"column":16},"end":{"line":27,"column":78}},"11":{"start":{"line":27,"column":28},"end":{"line":27,"column":78}},"12":{"start":{"line":28,"column":16},"end":{"line":28,"column":62}},"13":{"start":{"line":30,"column":26},"end":{"line":30,"column":35}},"14":{"start":{"line":34,"column":8},"end":{"line":34,"column":29}},"15":{"start":{"line":35,"column":8},"end":{"line":37,"column":36}},"16":{"start":{"line":36,"column":24},"end":{"line":36,"column":48}},"17":{"start":{"line":37,"column":26},"end":{"line":37,"column":35}},"18":{"start":{"line":41,"column":8},"end":{"line":41,"column":16}},"19":{"start":{"line":46,"column":0},"end":{"line":46,"column":26}}},"fnMap":{"0":{"name":"(anonymous_0)","decl":{"start":{"line":4,"column":4},"end":{"line":4,"column":5}},"loc":{"start":{"line":4,"column":34},"end":{"line":10,"column":5}},"line":4},"1":{"name":"(anonymous_1)","decl":{"start":{"line":6,"column":14},"end":{"line":6,"column":15}},"loc":{"start":{"line":6,"column":20},"end":{"line":8,"column":9}},"line":6},"2":{"name":"(anonymous_2)","decl":{"start":{"line":9,"column":15},"end":{"line":9,"column":16}},"loc":{"start":{"line":9,"column":22},"end":{"line":9,"column":31}},"line":9},"3":{"name":"(anonymous_3)","decl":{"start":{"line":12,"column":4},"end":{"line":12,"column":5}},"loc":{"start":{"line":12,"column":33},"end":{"line":22,"column":5}},"line":12},"4":{"name":"(anonymous_4)","decl":{"start":{"line":17,"column":18},"end":{"line":17,"column":19}},"loc":{"start":{"line":17,"column":28},"end":{"line":20,"column":13}},"line":17},"5":{"name":"(anonymous_5)","decl":{"start":{"line":21,"column":19},"end":{"line":21,"column":20}},"loc":{"start":{"line":21,"column":26},"end":{"line":21,"column":35}},"line":21},"6":{"name":"(anonymous_6)","decl":{"start":{"line":24,"column":4},"end":{"line":24,"column":5}},"loc":{"start":{"line":24,"column":33},"end":{"line":31,"column":5}},"line":24},"7":{"name":"(anonymous_7)","decl":{"start":{"line":26,"column":18},"end":{"line":26,"column":19}},"loc":{"start":{"line":26,"column":24},"end":{"line":29,"column":13}},"line":26},"8":{"name":"(anonymous_8)","decl":{"start":{"line":30,"column":19},"end":{"line":30,"column":20}},"loc":{"start":{"line":30,"column":26},"end":{"line":30,"column":35}},"line":30},"9":{"name":"(anonymous_9)","decl":{"start":{"line":33,"column":4},"end":{"line":33,"column":5}},"loc":{"start":{"line":33,"column":33},"end":{"line":38,"column":5}},"line":33},"10":{"name":"(anonymous_10)","decl":{"start":{"line":36,"column":18},"end":{"line":36,"column":19}},"loc":{"start":{"line":36,"column":24},"end":{"line":36,"column":48}},"line":36},"11":{"name":"(anonymous_11)","decl":{"start":{"line":37,"column":19},"end":{"line":37,"column":20}},"loc":{"start":{"line":37,"column":26},"end":{"line":37,"column":35}},"line":37},"12":{"name":"(anonymous_12)","decl":{"start":{"line":40,"column":4},"end":{"line":40,"column":5}},"loc":{"start":{"line":40,"column":36},"end":{"line":42,"column":5}},"line":40}},"branchMap":{"0":{"loc":{"start":{"line":18,"column":16},"end":{"line":18,"column":83}},"type":"if","locations":[{"start":{"line":18,"column":16},"end":{"line":18,"column":83}},{"start":{"line":18,"column":16},"end":{"line":18,"column":83}}],"line":18},"1":{"loc":{"start":{"line":27,"column":16},"end":{"line":27,"column":78}},"type":"if","locations":[{"start":{"line":27,"column":16},"end":{"line":27,"column":78}},{"start":{"line":27,"column":16},"end":{"line":27,"column":78}}],"line":27}},"s":{"0":1,"1":0,"2":0,"3":0,"4":0,"5":0,"6":0,"7":0,"8":0,"9":0,"10":0,"11":0,"12":0,"13":0,"14":1,"15":1,"16":1,"17":0,"18":0,"19":1},"f":{"0":0,"1":0,"2":0,"3":0,"4":0,"5":0,"6":0,"7":0,"8":0,"9":1,"10":1,"11":0,"12":0},"b":{"0":[0,0],"1":[0,0]},"_coverageSchema":"1a1c01bbd47fc00a2c39e90264f33305004495a9","hash":"93435ce5a1a27d2c9705aaba79fbeac8da42a0f7"}
,"C:\\Users\\Edgar\\Desktop\\hacktiv8\\phase 2\\commerce\\e-commerce-server\\controllers\\user.js": {"path":"C:\\Users\\Edgar\\Desktop\\hacktiv8\\phase 2\\commerce\\e-commerce-server\\controllers\\user.js","statementMap":{"0":{"start":{"line":1,"column":15},"end":{"line":1,"column":41}},"1":{"start":{"line":2,"column":18},"end":{"line":2,"column":46}},"2":{"start":{"line":3,"column":33},"end":{"line":3,"column":58}},"3":{"start":{"line":7,"column":8},"end":{"line":7,"column":111}},"4":{"start":{"line":7,"column":51},"end":{"line":7,"column":111}},"5":{"start":{"line":8,"column":8},"end":{"line":19,"column":14}},"6":{"start":{"line":10,"column":16},"end":{"line":10,"column":52}},"7":{"start":{"line":10,"column":27},"end":{"line":10,"column":51}},"8":{"start":{"line":11,"column":16},"end":{"line":15,"column":79}},"9":{"start":{"line":12,"column":34},"end":{"line":12,"column":59}},"10":{"start":{"line":13,"column":20},"end":{"line":13,"column":38}},"11":{"start":{"line":14,"column":20},"end":{"line":14,"column":92}},"12":{"start":{"line":15,"column":24},"end":{"line":15,"column":78}},"13":{"start":{"line":18,"column":16},"end":{"line":18,"column":27}},"14":{"start":{"line":23,"column":0},"end":{"line":23,"column":27}}},"fnMap":{"0":{"name":"(anonymous_0)","decl":{"start":{"line":6,"column":4},"end":{"line":6,"column":5}},"loc":{"start":{"line":6,"column":32},"end":{"line":20,"column":5}},"line":6},"1":{"name":"(anonymous_1)","decl":{"start":{"line":9,"column":18},"end":{"line":9,"column":19}},"loc":{"start":{"line":9,"column":26},"end":{"line":16,"column":13}},"line":9},"2":{"name":"(anonymous_2)","decl":{"start":{"line":17,"column":19},"end":{"line":17,"column":20}},"loc":{"start":{"line":17,"column":28},"end":{"line":19,"column":13}},"line":17}},"branchMap":{"0":{"loc":{"start":{"line":7,"column":8},"end":{"line":7,"column":111}},"type":"if","locations":[{"start":{"line":7,"column":8},"end":{"line":7,"column":111}},{"start":{"line":7,"column":8},"end":{"line":7,"column":111}}],"line":7},"1":{"loc":{"start":{"line":7,"column":12},"end":{"line":7,"column":49}},"type":"binary-expr","locations":[{"start":{"line":7,"column":12},"end":{"line":7,"column":27}},{"start":{"line":7,"column":31},"end":{"line":7,"column":49}}],"line":7},"2":{"loc":{"start":{"line":10,"column":16},"end":{"line":10,"column":52}},"type":"if","locations":[{"start":{"line":10,"column":16},"end":{"line":10,"column":52}},{"start":{"line":10,"column":16},"end":{"line":10,"column":52}}],"line":10},"3":{"loc":{"start":{"line":11,"column":16},"end":{"line":15,"column":79}},"type":"if","locations":[{"start":{"line":11,"column":16},"end":{"line":15,"column":79}},{"start":{"line":11,"column":16},"end":{"line":15,"column":79}}],"line":11}},"s":{"0":1,"1":1,"2":1,"3":0,"4":0,"5":0,"6":0,"7":0,"8":0,"9":0,"10":0,"11":0,"12":0,"13":0,"14":1},"f":{"0":0,"1":0,"2":0},"b":{"0":[0,0],"1":[0,0],"2":[0,0],"3":[0,0]},"_coverageSchema":"1a1c01bbd47fc00a2c39e90264f33305004495a9","hash":"d0f44607983322cf17febbfced45d4b30b9f506f"}
,"C:\\Users\\Edgar\\Desktop\\hacktiv8\\phase 2\\commerce\\e-commerce-server\\helpers\\bcrypt.js": {"path":"C:\\Users\\Edgar\\Desktop\\hacktiv8\\phase 2\\commerce\\e-commerce-server\\helpers\\bcrypt.js","statementMap":{"0":{"start":{"line":1,"column":15},"end":{"line":1,"column":34}},"1":{"start":{"line":3,"column":11},"end":{"line":3,"column":50}},"2":{"start":{"line":3,"column":25},"end":{"line":3,"column":50}},"3":{"start":{"line":4,"column":14},"end":{"line":4,"column":72}},"4":{"start":{"line":4,"column":36},"end":{"line":4,"column":72}},"5":{"start":{"line":6,"column":0},"end":{"line":6,"column":32}}},"fnMap":{"0":{"name":"(anonymous_0)","decl":{"start":{"line":3,"column":11},"end":{"line":3,"column":12}},"loc":{"start":{"line":3,"column":25},"end":{"line":3,"column":50}},"line":3},"1":{"name":"(anonymous_1)","decl":{"start":{"line":4,"column":14},"end":{"line":4,"column":15}},"loc":{"start":{"line":4,"column":36},"end":{"line":4,"column":72}},"line":4}},"branchMap":{},"s":{"0":1,"1":1,"2":0,"3":1,"4":0,"5":1},"f":{"0":0,"1":0},"b":{},"_coverageSchema":"1a1c01bbd47fc00a2c39e90264f33305004495a9","hash":"c94bd8b5c605a53bebb5600c0fea124a1ef74957"}
,"C:\\Users\\Edgar\\Desktop\\hacktiv8\\phase 2\\commerce\\e-commerce-server\\helpers\\jwt.js": {"path":"C:\\Users\\Edgar\\Desktop\\hacktiv8\\phase 2\\commerce\\e-commerce-server\\helpers\\jwt.js","statementMap":{"0":{"start":{"line":1,"column":12},"end":{"line":1,"column":35}},"1":{"start":{"line":3,"column":19},"end":{"line":3,"column":28}},"2":{"start":{"line":4,"column":19},"end":{"line":4,"column":61}},"3":{"start":{"line":4,"column":32},"end":{"line":4,"column":61}},"4":{"start":{"line":6,"column":19},"end":{"line":6,"column":59}},"5":{"start":{"line":6,"column":30},"end":{"line":6,"column":59}},"6":{"start":{"line":8,"column":0},"end":{"line":8,"column":41}}},"fnMap":{"0":{"name":"(anonymous_0)","decl":{"start":{"line":4,"column":19},"end":{"line":4,"column":20}},"loc":{"start":{"line":4,"column":32},"end":{"line":4,"column":61}},"line":4},"1":{"name":"(anonymous_1)","decl":{"start":{"line":6,"column":19},"end":{"line":6,"column":20}},"loc":{"start":{"line":6,"column":30},"end":{"line":6,"column":59}},"line":6}},"branchMap":{},"s":{"0":1,"1":1,"2":1,"3":2,"4":1,"5":1,"6":1},"f":{"0":2,"1":1},"b":{},"_coverageSchema":"1a1c01bbd47fc00a2c39e90264f33305004495a9","hash":"baa4e440ad3c7422d9e86d94c0858f50818e4d49"}
,"C:\\Users\\Edgar\\Desktop\\hacktiv8\\phase 2\\commerce\\e-commerce-server\\middlewares\\auth.js": {"path":"C:\\Users\\Edgar\\Desktop\\hacktiv8\\phase 2\\commerce\\e-commerce-server\\middlewares\\auth.js","statementMap":{"0":{"start":{"line":1,"column":16},"end":{"line":1,"column":37}},"1":{"start":{"line":2,"column":21},"end":{"line":2,"column":46}},"2":{"start":{"line":3,"column":15},"end":{"line":3,"column":36}},"3":{"start":{"line":5,"column":23},"end":{"line":21,"column":1}},"4":{"start":{"line":6,"column":4},"end":{"line":20,"column":26}},"5":{"start":{"line":7,"column":28},"end":{"line":7,"column":64}},"6":{"start":{"line":8,"column":8},"end":{"line":18,"column":14}},"7":{"start":{"line":10,"column":16},"end":{"line":14,"column":17}},"8":{"start":{"line":10,"column":27},"end":{"line":10,"column":77}},"9":{"start":{"line":12,"column":20},"end":{"line":12,"column":67}},"10":{"start":{"line":13,"column":20},"end":{"line":13,"column":26}},"11":{"start":{"line":17,"column":16},"end":{"line":17,"column":25}},"12":{"start":{"line":20,"column":16},"end":{"line":20,"column":25}},"13":{"start":{"line":23,"column":18},"end":{"line":26,"column":1}},"14":{"start":{"line":24,"column":4},"end":{"line":25,"column":39}},"15":{"start":{"line":24,"column":42},"end":{"line":24,"column":48}},"16":{"start":{"line":25,"column":9},"end":{"line":25,"column":39}},"17":{"start":{"line":28,"column":0},"end":{"line":28,"column":44}}},"fnMap":{"0":{"name":"(anonymous_0)","decl":{"start":{"line":5,"column":23},"end":{"line":5,"column":24}},"loc":{"start":{"line":5,"column":42},"end":{"line":21,"column":1}},"line":5},"1":{"name":"(anonymous_1)","decl":{"start":{"line":9,"column":18},"end":{"line":9,"column":19}},"loc":{"start":{"line":9,"column":26},"end":{"line":15,"column":13}},"line":9},"2":{"name":"(anonymous_2)","decl":{"start":{"line":16,"column":19},"end":{"line":16,"column":20}},"loc":{"start":{"line":16,"column":26},"end":{"line":18,"column":13}},"line":16},"3":{"name":"(anonymous_3)","decl":{"start":{"line":23,"column":18},"end":{"line":23,"column":19}},"loc":{"start":{"line":23,"column":37},"end":{"line":26,"column":1}},"line":23}},"branchMap":{"0":{"loc":{"start":{"line":10,"column":16},"end":{"line":14,"column":17}},"type":"if","locations":[{"start":{"line":10,"column":16},"end":{"line":14,"column":17}},{"start":{"line":10,"column":16},"end":{"line":14,"column":17}}],"line":10},"1":{"loc":{"start":{"line":24,"column":4},"end":{"line":25,"column":39}},"type":"if","locations":[{"start":{"line":24,"column":4},"end":{"line":25,"column":39}},{"start":{"line":24,"column":4},"end":{"line":25,"column":39}}],"line":24}},"s":{"0":1,"1":1,"2":1,"3":1,"4":1,"5":1,"6":1,"7":1,"8":0,"9":1,"10":1,"11":0,"12":0,"13":1,"14":1,"15":1,"16":0,"17":1},"f":{"0":1,"1":1,"2":0,"3":1},"b":{"0":[0,1],"1":[1,0]},"_coverageSchema":"1a1c01bbd47fc00a2c39e90264f33305004495a9","hash":"58c7400ff9456335ceb193503c57e63f139bcded"}
,"C:\\Users\\Edgar\\Desktop\\hacktiv8\\phase 2\\commerce\\e-commerce-server\\models\\index.js": {"path":"C:\\Users\\Edgar\\Desktop\\hacktiv8\\phase 2\\commerce\\e-commerce-server\\models\\index.js","statementMap":{"0":{"start":{"line":3,"column":11},"end":{"line":3,"column":24}},"1":{"start":{"line":4,"column":13},"end":{"line":4,"column":28}},"2":{"start":{"line":5,"column":18},"end":{"line":5,"column":38}},"3":{"start":{"line":6,"column":17},"end":{"line":6,"column":42}},"4":{"start":{"line":7,"column":12},"end":{"line":7,"column":49}},"5":{"start":{"line":8,"column":15},"end":{"line":8,"column":65}},"6":{"start":{"line":9,"column":11},"end":{"line":9,"column":13}},"7":{"start":{"line":12,"column":0},"end":{"line":16,"column":1}},"8":{"start":{"line":13,"column":2},"end":{"line":13,"column":74}},"9":{"start":{"line":15,"column":2},"end":{"line":15,"column":87}},"10":{"start":{"line":18,"column":0},"end":{"line":26,"column":5}},"11":{"start":{"line":21,"column":4},"end":{"line":21,"column":90}},"12":{"start":{"line":24,"column":18},"end":{"line":24,"column":85}},"13":{"start":{"line":25,"column":4},"end":{"line":25,"column":27}},"14":{"start":{"line":28,"column":0},"end":{"line":32,"column":3}},"15":{"start":{"line":29,"column":2},"end":{"line":31,"column":3}},"16":{"start":{"line":30,"column":4},"end":{"line":30,"column":32}},"17":{"start":{"line":34,"column":0},"end":{"line":34,"column":25}},"18":{"start":{"line":35,"column":0},"end":{"line":35,"column":25}},"19":{"start":{"line":37,"column":0},"end":{"line":37,"column":20}}},"fnMap":{"0":{"name":"(anonymous_0)","decl":{"start":{"line":20,"column":10},"end":{"line":20,"column":11}},"loc":{"start":{"line":20,"column":18},"end":{"line":22,"column":3}},"line":20},"1":{"name":"(anonymous_1)","decl":{"start":{"line":23,"column":11},"end":{"line":23,"column":12}},"loc":{"start":{"line":23,"column":19},"end":{"line":26,"column":3}},"line":23},"2":{"name":"(anonymous_2)","decl":{"start":{"line":28,"column":24},"end":{"line":28,"column":25}},"loc":{"start":{"line":28,"column":37},"end":{"line":32,"column":1}},"line":28}},"branchMap":{"0":{"loc":{"start":{"line":7,"column":12},"end":{"line":7,"column":49}},"type":"binary-expr","locations":[{"start":{"line":7,"column":12},"end":{"line":7,"column":32}},{"start":{"line":7,"column":36},"end":{"line":7,"column":49}}],"line":7},"1":{"loc":{"start":{"line":12,"column":0},"end":{"line":16,"column":1}},"type":"if","locations":[{"start":{"line":12,"column":0},"end":{"line":16,"column":1}},{"start":{"line":12,"column":0},"end":{"line":16,"column":1}}],"line":12},"2":{"loc":{"start":{"line":21,"column":11},"end":{"line":21,"column":89}},"type":"binary-expr","locations":[{"start":{"line":21,"column":12},"end":{"line":21,"column":35}},{"start":{"line":21,"column":41},"end":{"line":21,"column":58}},{"start":{"line":21,"column":64},"end":{"line":21,"column":88}}],"line":21},"3":{"loc":{"start":{"line":29,"column":2},"end":{"line":31,"column":3}},"type":"if","locations":[{"start":{"line":29,"column":2},"end":{"line":31,"column":3}},{"start":{"line":29,"column":2},"end":{"line":31,"column":3}}],"line":29}},"s":{"0":1,"1":1,"2":1,"3":1,"4":1,"5":1,"6":1,"7":1,"8":0,"9":1,"10":1,"11":5,"12":4,"13":4,"14":1,"15":4,"16":4,"17":1,"18":1,"19":1},"f":{"0":5,"1":4,"2":4},"b":{"0":[1,0],"1":[0,1],"2":[5,5,4],"3":[4,0]},"_coverageSchema":"1a1c01bbd47fc00a2c39e90264f33305004495a9","hash":"07a59ebc757043326d736a2e6278395cb4646794"}
,"C:\\Users\\Edgar\\Desktop\\hacktiv8\\phase 2\\commerce\\e-commerce-server\\models\\product.js": {"path":"C:\\Users\\Edgar\\Desktop\\hacktiv8\\phase 2\\commerce\\e-commerce-server\\models\\product.js","statementMap":{"0":{"start":{"line":4,"column":4},"end":{"line":4,"column":24}},"1":{"start":{"line":5,"column":0},"end":{"line":50,"column":2}},"2":{"start":{"line":14,"column":6},"end":{"line":14,"column":83}},"3":{"start":{"line":17,"column":2},"end":{"line":48,"column":5}},"4":{"start":{"line":49,"column":2},"end":{"line":49,"column":17}}},"fnMap":{"0":{"name":"(anonymous_0)","decl":{"start":{"line":5,"column":17},"end":{"line":5,"column":18}},"loc":{"start":{"line":5,"column":43},"end":{"line":50,"column":1}},"line":5},"1":{"name":"(anonymous_1)","decl":{"start":{"line":12,"column":4},"end":{"line":12,"column":5}},"loc":{"start":{"line":12,"column":29},"end":{"line":15,"column":5}},"line":12}},"branchMap":{},"s":{"0":1,"1":1,"2":1,"3":1,"4":1},"f":{"0":1,"1":1},"b":{},"_coverageSchema":"1a1c01bbd47fc00a2c39e90264f33305004495a9","hash":"761ae70eb23e04a62754fd44ccf29b31665cb5e7"}
,"C:\\Users\\Edgar\\Desktop\\hacktiv8\\phase 2\\commerce\\e-commerce-server\\models\\tag.js": {"path":"C:\\Users\\Edgar\\Desktop\\hacktiv8\\phase 2\\commerce\\e-commerce-server\\models\\tag.js","statementMap":{"0":{"start":{"line":4,"column":4},"end":{"line":4,"column":24}},"1":{"start":{"line":5,"column":0},"end":{"line":31,"column":2}},"2":{"start":{"line":14,"column":6},"end":{"line":14,"column":83}},"3":{"start":{"line":17,"column":2},"end":{"line":29,"column":5}},"4":{"start":{"line":30,"column":2},"end":{"line":30,"column":13}}},"fnMap":{"0":{"name":"(anonymous_0)","decl":{"start":{"line":5,"column":17},"end":{"line":5,"column":18}},"loc":{"start":{"line":5,"column":43},"end":{"line":31,"column":1}},"line":5},"1":{"name":"(anonymous_1)","decl":{"start":{"line":12,"column":4},"end":{"line":12,"column":5}},"loc":{"start":{"line":12,"column":29},"end":{"line":15,"column":5}},"line":12}},"branchMap":{},"s":{"0":1,"1":1,"2":1,"3":1,"4":1},"f":{"0":1,"1":1},"b":{},"_coverageSchema":"1a1c01bbd47fc00a2c39e90264f33305004495a9","hash":"f171b679cbfbf12c7f7e9686a247b1cd5dba0e73"}
,"C:\\Users\\Edgar\\Desktop\\hacktiv8\\phase 2\\commerce\\e-commerce-server\\models\\taglist.js": {"path":"C:\\Users\\Edgar\\Desktop\\hacktiv8\\phase 2\\commerce\\e-commerce-server\\models\\taglist.js","statementMap":{"0":{"start":{"line":4,"column":4},"end":{"line":4,"column":24}},"1":{"start":{"line":5,"column":0},"end":{"line":32,"column":2}},"2":{"start":{"line":14,"column":6},"end":{"line":14,"column":76}},"3":{"start":{"line":15,"column":6},"end":{"line":15,"column":80}},"4":{"start":{"line":18,"column":2},"end":{"line":30,"column":5}},"5":{"start":{"line":31,"column":2},"end":{"line":31,"column":17}}},"fnMap":{"0":{"name":"(anonymous_0)","decl":{"start":{"line":5,"column":17},"end":{"line":5,"column":18}},"loc":{"start":{"line":5,"column":43},"end":{"line":32,"column":1}},"line":5},"1":{"name":"(anonymous_1)","decl":{"start":{"line":12,"column":4},"end":{"line":12,"column":5}},"loc":{"start":{"line":12,"column":29},"end":{"line":16,"column":5}},"line":12}},"branchMap":{},"s":{"0":1,"1":1,"2":1,"3":1,"4":1,"5":1},"f":{"0":1,"1":1},"b":{},"_coverageSchema":"1a1c01bbd47fc00a2c39e90264f33305004495a9","hash":"91eaea23008822a92eb1f22f7a7bee0f4fb1cdf3"}
,"C:\\Users\\Edgar\\Desktop\\hacktiv8\\phase 2\\commerce\\e-commerce-server\\models\\user.js": {"path":"C:\\Users\\Edgar\\Desktop\\hacktiv8\\phase 2\\commerce\\e-commerce-server\\models\\user.js","statementMap":{"0":{"start":{"line":4,"column":4},"end":{"line":4,"column":24}},"1":{"start":{"line":5,"column":0},"end":{"line":25,"column":2}},"2":{"start":{"line":16,"column":2},"end":{"line":23,"column":5}},"3":{"start":{"line":24,"column":2},"end":{"line":24,"column":14}}},"fnMap":{"0":{"name":"(anonymous_0)","decl":{"start":{"line":5,"column":17},"end":{"line":5,"column":18}},"loc":{"start":{"line":5,"column":43},"end":{"line":25,"column":1}},"line":5},"1":{"name":"(anonymous_1)","decl":{"start":{"line":12,"column":4},"end":{"line":12,"column":5}},"loc":{"start":{"line":12,"column":29},"end":{"line":14,"column":5}},"line":12}},"branchMap":{},"s":{"0":1,"1":1,"2":1,"3":1},"f":{"0":1,"1":1},"b":{},"_coverageSchema":"1a1c01bbd47fc00a2c39e90264f33305004495a9","hash":"63816309a9c83a1570848d513e672f1f50e63163"}
,"C:\\Users\\Edgar\\Desktop\\hacktiv8\\phase 2\\commerce\\e-commerce-server\\routes\\index.js": {"path":"C:\\Users\\Edgar\\Desktop\\hacktiv8\\phase 2\\commerce\\e-commerce-server\\routes\\index.js","statementMap":{"0":{"start":{"line":1,"column":16},"end":{"line":1,"column":34}},"1":{"start":{"line":2,"column":15},"end":{"line":2,"column":31}},"2":{"start":{"line":3,"column":14},"end":{"line":3,"column":47}},"3":{"start":{"line":4,"column":17},"end":{"line":4,"column":50}},"4":{"start":{"line":5,"column":13},"end":{"line":5,"column":43}},"5":{"start":{"line":6,"column":36},"end":{"line":6,"column":66}},"6":{"start":{"line":8,"column":0},"end":{"line":8,"column":34}},"7":{"start":{"line":9,"column":0},"end":{"line":9,"column":73}},"8":{"start":{"line":10,"column":0},"end":{"line":10,"column":75}},"9":{"start":{"line":11,"column":0},"end":{"line":11,"column":78}},"10":{"start":{"line":12,"column":0},"end":{"line":12,"column":60}},"11":{"start":{"line":14,"column":0},"end":{"line":14,"column":63}},"12":{"start":{"line":15,"column":0},"end":{"line":15,"column":61}},"13":{"start":{"line":16,"column":0},"end":{"line":16,"column":66}},"14":{"start":{"line":17,"column":0},"end":{"line":17,"column":66}},"15":{"start":{"line":19,"column":0},"end":{"line":19,"column":23}}},"fnMap":{},"branchMap":{},"s":{"0":1,"1":1,"2":1,"3":1,"4":1,"5":1,"6":1,"7":1,"8":1,"9":1,"10":1,"11":1,"12":1,"13":1,"14":1,"15":1},"f":{},"b":{},"_coverageSchema":"1a1c01bbd47fc00a2c39e90264f33305004495a9","hash":"641fb16f153c9c0dfd9776a73247f6f4f824533e"}
}
